timestamp: 2019-12-12T08:17:09.995081
CREATE TABLE "person"(
    "id" INTEGER PRIMARY KEY AUTOINCREMENT,
    "name" CHAR(512),
    "job" CHAR(512)
);
success!
timestamp: 2019-12-12T08:17:10.008668
CREATE TABLE "superhero"(
    "id" INTEGER PRIMARY KEY AUTOINCREMENT,
    "name" CHAR(512),
    "real_identity" INTEGER REFERENCES "person" ("id") ON DELETE CASCADE  
);
success!
timestamp: 2019-12-12T08:17:10.029643
CREATE TABLE "superpower"(
    "id" INTEGER PRIMARY KEY AUTOINCREMENT,
    "description" CHAR(512)
);
success!
timestamp: 2019-12-12T08:17:10.043702
CREATE TABLE "tag"(
    "id" INTEGER PRIMARY KEY AUTOINCREMENT,
    "superhero" INTEGER REFERENCES "superhero" ("id") ON DELETE CASCADE  ,
    "superpower" INTEGER REFERENCES "superpower" ("id") ON DELETE CASCADE  ,
    "strength" INTEGER
);
success!
